<?xml version="1.0" encoding="UTF-8"?>
<!-- Generated by org.testng.reporters.JUnitReportReporter -->
<testsuite skipped="0" hostname="DESKTOP-QS6EF70" name="Ahs.HomePage" tests="1" failures="0" timestamp="17 Jan 2020 15:50:52 GMT" time="41.418" errors="0">
  <testcase name="LoginPageNavigation" time="41.418" classname="Ahs.HomePage"/>
</testsuite> <!-- Ahs.HomePage -->
