<?xml version="1.0" encoding="UTF-8"?>
<!-- Generated by org.testng.reporters.JUnitReportReporter -->
<testsuite skipped="0" hostname="DESKTOP-QS6EF70" name="Ahs.HomePage" tests="1" failures="0" timestamp="15 Jan 2020 16:45:24 GMT" time="31.045" errors="0">
  <testcase name="LoginPageNavigation" time="31.045" classname="Ahs.HomePage"/>
</testsuite> <!-- Ahs.HomePage -->
