<?xml version="1.0" encoding="UTF-8"?>
<!-- Generated by org.testng.reporters.JUnitReportReporter -->
<testsuite skipped="0" hostname="DESKTOP-QS6EF70" name="Ahs.HomePage" tests="1" failures="0" timestamp="15 Jan 2020 16:31:22 GMT" time="30.702" errors="0">
  <testcase name="LoginPageNavigation" time="30.702" classname="Ahs.HomePage"/>
</testsuite> <!-- Ahs.HomePage -->
